2025-09-19T00:11:22.845+05:30  INFO 15464 --- [DrivingSchool] [SpringApplicationShutdownHook] o.s.b.w.e.tomcat.GracefulShutdown        : Commencing graceful shutdown. Waiting for active requests to complete
2025-09-19T00:11:22.917+05:30  INFO 15464 --- [DrivingSchool] [tomcat-shutdown] o.s.b.w.e.tomcat.GracefulShutdown        : Graceful shutdown complete
2025-09-19T00:11:22.933+05:30  INFO 15464 --- [DrivingSchool] [SpringApplicationShutdownHook] j.LocalContainerEntityManagerFactoryBean : Closing JPA EntityManagerFactory for persistence unit 'default'
2025-09-19T00:11:22.947+05:30  INFO 15464 --- [DrivingSchool] [SpringApplicationShutdownHook] com.zaxxer.hikari.HikariDataSource       : HikariPool-1 - Shutdown initiated...
2025-09-19T00:11:24.516+05:30  INFO 15464 --- [DrivingSchool] [SpringApplicationShutdownHook] com.zaxxer.hikari.HikariDataSource       : HikariPool-1 - Shutdown completed.
2025-09-19T00:11:30.060+05:30  INFO 16104 --- [DrivingSchool] [main] l.i.d.DrivingSchoolApplication           : Starting DrivingSchoolApplication using Java 17.0.12 with PID 16104 (D:\Ijse\Aad\finalProject\backEnd\DrivingSchool\target\classes started by User in D:\Ijse\Aad\finalProject\backEnd\DrivingSchool)
2025-09-19T00:11:30.063+05:30  INFO 16104 --- [DrivingSchool] [main] l.i.d.DrivingSchoolApplication           : No active profile set, falling back to 1 default profile: "default"
2025-09-19T00:11:30.656+05:30  INFO 16104 --- [DrivingSchool] [main] .s.d.r.c.RepositoryConfigurationDelegate : Bootstrapping Spring Data JPA repositories in DEFAULT mode.
2025-09-19T00:11:30.743+05:30  INFO 16104 --- [DrivingSchool] [main] .s.d.r.c.RepositoryConfigurationDelegate : Finished Spring Data repository scanning in 80 ms. Found 11 JPA repository interfaces.
2025-09-19T00:11:31.148+05:30  INFO 16104 --- [DrivingSchool] [main] o.s.b.w.embedded.tomcat.TomcatWebServer  : Tomcat initialized with port 8080 (http)
2025-09-19T00:11:31.158+05:30  INFO 16104 --- [DrivingSchool] [main] o.apache.catalina.core.StandardService   : Starting service [Tomcat]
2025-09-19T00:11:31.158+05:30  INFO 16104 --- [DrivingSchool] [main] o.apache.catalina.core.StandardEngine    : Starting Servlet engine: [Apache Tomcat/10.1.43]
2025-09-19T00:11:31.206+05:30  INFO 16104 --- [DrivingSchool] [main] o.a.c.c.C.[Tomcat].[localhost].[/]       : Initializing Spring embedded WebApplicationContext
2025-09-19T00:11:31.207+05:30  INFO 16104 --- [DrivingSchool] [main] w.s.c.ServletWebServerApplicationContext : Root WebApplicationContext: initialization completed in 1110 ms
2025-09-19T00:11:31.306+05:30  INFO 16104 --- [DrivingSchool] [main] o.hibernate.jpa.internal.util.LogHelper  : HHH000204: Processing PersistenceUnitInfo [name: default]
2025-09-19T00:11:31.346+05:30  INFO 16104 --- [DrivingSchool] [main] org.hibernate.Version                    : HHH000412: Hibernate ORM core version 6.6.22.Final
2025-09-19T00:11:31.383+05:30  INFO 16104 --- [DrivingSchool] [main] o.h.c.internal.RegionFactoryInitiator    : HHH000026: Second-level cache disabled
2025-09-19T00:11:31.590+05:30  INFO 16104 --- [DrivingSchool] [main] o.s.o.j.p.SpringPersistenceUnitInfo      : No LoadTimeWeaver setup: ignoring JPA class transformer
2025-09-19T00:11:31.614+05:30  INFO 16104 --- [DrivingSchool] [main] com.zaxxer.hikari.HikariDataSource       : HikariPool-1 - Starting...
2025-09-19T00:11:31.849+05:30  INFO 16104 --- [DrivingSchool] [main] com.zaxxer.hikari.pool.HikariPool        : HikariPool-1 - Added connection com.mysql.cj.jdbc.ConnectionImpl@431babe6
2025-09-19T00:11:31.851+05:30  INFO 16104 --- [DrivingSchool] [main] com.zaxxer.hikari.HikariDataSource       : HikariPool-1 - Start completed.
2025-09-19T00:11:31.893+05:30  WARN 16104 --- [DrivingSchool] [main] org.hibernate.orm.deprecation            : HHH90000025: MySQLDialect does not need to be specified explicitly using 'hibernate.dialect' (remove the property setting and it will be selected by default)
2025-09-19T00:11:31.908+05:30  INFO 16104 --- [DrivingSchool] [main] org.hibernate.orm.connections.pooling    : HHH10001005: Database info:
	Database JDBC URL [Connecting through datasource 'HikariDataSource (HikariPool-1)']
	Database driver: undefined/unknown
	Database version: 8.0.39
	Autocommit mode: undefined/unknown
	Isolation level: undefined/unknown
	Minimum pool size: undefined/unknown
	Maximum pool size: undefined/unknown
2025-09-19T00:11:32.801+05:30  INFO 16104 --- [DrivingSchool] [main] o.h.e.t.j.p.i.JtaPlatformInitiator       : HHH000489: No JTA platform available (set 'hibernate.transaction.jta.platform' to enable JTA platform integration)
2025-09-19T00:11:32.903+05:30  INFO 16104 --- [DrivingSchool] [main] j.LocalContainerEntityManagerFactoryBean : Initialized JPA EntityManagerFactory for persistence unit 'default'
2025-09-19T00:11:33.160+05:30  INFO 16104 --- [DrivingSchool] [main] o.s.d.j.r.query.QueryEnhancerFactory     : Hibernate is in classpath; If applicable, HQL parser will be used.
2025-09-19T00:11:33.869+05:30  WARN 16104 --- [DrivingSchool] [main] JpaBaseConfiguration$JpaWebConfiguration : spring.jpa.open-in-view is enabled by default. Therefore, database queries may be performed during view rendering. Explicitly configure spring.jpa.open-in-view to disable this warning
2025-09-19T00:11:33.947+05:30 DEBUG 16104 --- [DrivingSchool] [main] s.w.s.m.m.a.RequestMappingHandlerMapping : 39 mappings in 'requestMappingHandlerMapping'
2025-09-19T00:11:34.012+05:30 DEBUG 16104 --- [DrivingSchool] [main] o.s.w.s.handler.SimpleUrlHandlerMapping  : Patterns [/webjars/**, /**] in 'resourceHandlerMapping'
2025-09-19T00:11:34.030+05:30  INFO 16104 --- [DrivingSchool] [main] eAuthenticationProviderManagerConfigurer : Global AuthenticationManager configured with AuthenticationProvider bean with name authenticationProvider
2025-09-19T00:11:34.030+05:30  WARN 16104 --- [DrivingSchool] [main] r$InitializeUserDetailsManagerConfigurer : Global AuthenticationManager configured with an AuthenticationProvider bean. UserDetailsService beans will not be used by Spring Security for automatically configuring username/password login. Consider removing the AuthenticationProvider bean. Alternatively, consider using the UserDetailsService in a manually instantiated DaoAuthenticationProvider. If the current configuration is intentional, to turn off this warning, increase the logging level of 'org.springframework.security.config.annotation.authentication.configuration.InitializeUserDetailsBeanManagerConfigurer' to ERROR
2025-09-19T00:11:34.169+05:30 DEBUG 16104 --- [DrivingSchool] [main] s.w.s.m.m.a.RequestMappingHandlerAdapter : ControllerAdvice beans: 0 @ModelAttribute, 0 @InitBinder, 1 RequestBodyAdvice, 1 ResponseBodyAdvice
2025-09-19T00:11:34.210+05:30 DEBUG 16104 --- [DrivingSchool] [main] .m.m.a.ExceptionHandlerExceptionResolver : ControllerAdvice beans: 1 @ExceptionHandler, 1 ResponseBodyAdvice
2025-09-19T00:11:34.311+05:30  INFO 16104 --- [DrivingSchool] [main] o.s.b.w.embedded.tomcat.TomcatWebServer  : Tomcat started on port 8080 (http) with context path '/'
2025-09-19T00:11:34.320+05:30  INFO 16104 --- [DrivingSchool] [main] l.i.d.DrivingSchoolApplication           : Started DrivingSchoolApplication in 4.647 seconds (process running for 5.165)
2025-09-19T00:17:38.537+05:30  INFO 16104 --- [DrivingSchool] [SpringApplicationShutdownHook] o.s.b.w.e.tomcat.GracefulShutdown        : Commencing graceful shutdown. Waiting for active requests to complete
2025-09-19T00:17:38.590+05:30  INFO 16104 --- [DrivingSchool] [tomcat-shutdown] o.s.b.w.e.tomcat.GracefulShutdown        : Graceful shutdown complete
2025-09-19T00:17:38.596+05:30  INFO 16104 --- [DrivingSchool] [SpringApplicationShutdownHook] j.LocalContainerEntityManagerFactoryBean : Closing JPA EntityManagerFactory for persistence unit 'default'
2025-09-19T00:17:38.597+05:30  INFO 16104 --- [DrivingSchool] [SpringApplicationShutdownHook] com.zaxxer.hikari.HikariDataSource       : HikariPool-1 - Shutdown initiated...
2025-09-19T00:17:38.603+05:30  INFO 16104 --- [DrivingSchool] [SpringApplicationShutdownHook] com.zaxxer.hikari.HikariDataSource       : HikariPool-1 - Shutdown completed.
2025-09-19T00:17:45.879+05:30  INFO 15256 --- [DrivingSchool] [main] l.i.d.DrivingSchoolApplication           : Starting DrivingSchoolApplication using Java 17.0.12 with PID 15256 (D:\Ijse\Aad\finalProject\backEnd\DrivingSchool\target\classes started by User in D:\Ijse\Aad\finalProject\backEnd\DrivingSchool)
2025-09-19T00:17:45.881+05:30  INFO 15256 --- [DrivingSchool] [main] l.i.d.DrivingSchoolApplication           : No active profile set, falling back to 1 default profile: "default"
2025-09-19T00:17:46.470+05:30  INFO 15256 --- [DrivingSchool] [main] .s.d.r.c.RepositoryConfigurationDelegate : Bootstrapping Spring Data JPA repositories in DEFAULT mode.
2025-09-19T00:17:46.568+05:30  INFO 15256 --- [DrivingSchool] [main] .s.d.r.c.RepositoryConfigurationDelegate : Finished Spring Data repository scanning in 91 ms. Found 11 JPA repository interfaces.
2025-09-19T00:17:46.945+05:30  INFO 15256 --- [DrivingSchool] [main] o.s.b.w.embedded.tomcat.TomcatWebServer  : Tomcat initialized with port 8080 (http)
2025-09-19T00:17:46.954+05:30  INFO 15256 --- [DrivingSchool] [main] o.apache.catalina.core.StandardService   : Starting service [Tomcat]
2025-09-19T00:17:46.954+05:30  INFO 15256 --- [DrivingSchool] [main] o.apache.catalina.core.StandardEngine    : Starting Servlet engine: [Apache Tomcat/10.1.43]
2025-09-19T00:17:47.000+05:30  INFO 15256 --- [DrivingSchool] [main] o.a.c.c.C.[Tomcat].[localhost].[/]       : Initializing Spring embedded WebApplicationContext
2025-09-19T00:17:47.001+05:30  INFO 15256 --- [DrivingSchool] [main] w.s.c.ServletWebServerApplicationContext : Root WebApplicationContext: initialization completed in 1084 ms
2025-09-19T00:17:47.111+05:30  INFO 15256 --- [DrivingSchool] [main] o.hibernate.jpa.internal.util.LogHelper  : HHH000204: Processing PersistenceUnitInfo [name: default]
2025-09-19T00:17:47.142+05:30  INFO 15256 --- [DrivingSchool] [main] org.hibernate.Version                    : HHH000412: Hibernate ORM core version 6.6.22.Final
2025-09-19T00:17:47.173+05:30  INFO 15256 --- [DrivingSchool] [main] o.h.c.internal.RegionFactoryInitiator    : HHH000026: Second-level cache disabled
2025-09-19T00:17:47.384+05:30  INFO 15256 --- [DrivingSchool] [main] o.s.o.j.p.SpringPersistenceUnitInfo      : No LoadTimeWeaver setup: ignoring JPA class transformer
2025-09-19T00:17:47.406+05:30  INFO 15256 --- [DrivingSchool] [main] com.zaxxer.hikari.HikariDataSource       : HikariPool-1 - Starting...
2025-09-19T00:17:47.644+05:30  INFO 15256 --- [DrivingSchool] [main] com.zaxxer.hikari.pool.HikariPool        : HikariPool-1 - Added connection com.mysql.cj.jdbc.ConnectionImpl@70c31b17
2025-09-19T00:17:47.646+05:30  INFO 15256 --- [DrivingSchool] [main] com.zaxxer.hikari.HikariDataSource       : HikariPool-1 - Start completed.
2025-09-19T00:17:47.686+05:30  WARN 15256 --- [DrivingSchool] [main] org.hibernate.orm.deprecation            : HHH90000025: MySQLDialect does not need to be specified explicitly using 'hibernate.dialect' (remove the property setting and it will be selected by default)
2025-09-19T00:17:47.702+05:30  INFO 15256 --- [DrivingSchool] [main] org.hibernate.orm.connections.pooling    : HHH10001005: Database info:
	Database JDBC URL [Connecting through datasource 'HikariDataSource (HikariPool-1)']
	Database driver: undefined/unknown
	Database version: 8.0.39
	Autocommit mode: undefined/unknown
	Isolation level: undefined/unknown
	Minimum pool size: undefined/unknown
	Maximum pool size: undefined/unknown
2025-09-19T00:17:48.570+05:30  INFO 15256 --- [DrivingSchool] [main] o.h.e.t.j.p.i.JtaPlatformInitiator       : HHH000489: No JTA platform available (set 'hibernate.transaction.jta.platform' to enable JTA platform integration)
2025-09-19T00:17:48.685+05:30  INFO 15256 --- [DrivingSchool] [main] j.LocalContainerEntityManagerFactoryBean : Initialized JPA EntityManagerFactory for persistence unit 'default'
2025-09-19T00:17:48.913+05:30  INFO 15256 --- [DrivingSchool] [main] o.s.d.j.r.query.QueryEnhancerFactory     : Hibernate is in classpath; If applicable, HQL parser will be used.
2025-09-19T00:17:49.599+05:30  WARN 15256 --- [DrivingSchool] [main] JpaBaseConfiguration$JpaWebConfiguration : spring.jpa.open-in-view is enabled by default. Therefore, database queries may be performed during view rendering. Explicitly configure spring.jpa.open-in-view to disable this warning
2025-09-19T00:17:49.675+05:30 DEBUG 15256 --- [DrivingSchool] [main] s.w.s.m.m.a.RequestMappingHandlerMapping : 39 mappings in 'requestMappingHandlerMapping'
2025-09-19T00:17:49.738+05:30 DEBUG 15256 --- [DrivingSchool] [main] o.s.w.s.handler.SimpleUrlHandlerMapping  : Patterns [/webjars/**, /**] in 'resourceHandlerMapping'
2025-09-19T00:17:49.759+05:30  INFO 15256 --- [DrivingSchool] [main] eAuthenticationProviderManagerConfigurer : Global AuthenticationManager configured with AuthenticationProvider bean with name authenticationProvider
2025-09-19T00:17:49.759+05:30  WARN 15256 --- [DrivingSchool] [main] r$InitializeUserDetailsManagerConfigurer : Global AuthenticationManager configured with an AuthenticationProvider bean. UserDetailsService beans will not be used by Spring Security for automatically configuring username/password login. Consider removing the AuthenticationProvider bean. Alternatively, consider using the UserDetailsService in a manually instantiated DaoAuthenticationProvider. If the current configuration is intentional, to turn off this warning, increase the logging level of 'org.springframework.security.config.annotation.authentication.configuration.InitializeUserDetailsBeanManagerConfigurer' to ERROR
2025-09-19T00:17:49.896+05:30 DEBUG 15256 --- [DrivingSchool] [main] s.w.s.m.m.a.RequestMappingHandlerAdapter : ControllerAdvice beans: 0 @ModelAttribute, 0 @InitBinder, 1 RequestBodyAdvice, 1 ResponseBodyAdvice
2025-09-19T00:17:49.929+05:30 DEBUG 15256 --- [DrivingSchool] [main] .m.m.a.ExceptionHandlerExceptionResolver : ControllerAdvice beans: 1 @ExceptionHandler, 1 ResponseBodyAdvice
2025-09-19T00:17:50.028+05:30  INFO 15256 --- [DrivingSchool] [main] o.s.b.w.embedded.tomcat.TomcatWebServer  : Tomcat started on port 8080 (http) with context path '/'
2025-09-19T00:17:50.036+05:30  INFO 15256 --- [DrivingSchool] [main] l.i.d.DrivingSchoolApplication           : Started DrivingSchoolApplication in 4.563 seconds (process running for 5.064)
2025-09-19T00:19:45.788+05:30  INFO 15256 --- [DrivingSchool] [SpringApplicationShutdownHook] o.s.b.w.e.tomcat.GracefulShutdown        : Commencing graceful shutdown. Waiting for active requests to complete
2025-09-19T00:19:45.839+05:30  INFO 15256 --- [DrivingSchool] [tomcat-shutdown] o.s.b.w.e.tomcat.GracefulShutdown        : Graceful shutdown complete
2025-09-19T00:19:45.843+05:30  INFO 15256 --- [DrivingSchool] [SpringApplicationShutdownHook] j.LocalContainerEntityManagerFactoryBean : Closing JPA EntityManagerFactory for persistence unit 'default'
2025-09-19T00:19:45.845+05:30  INFO 15256 --- [DrivingSchool] [SpringApplicationShutdownHook] com.zaxxer.hikari.HikariDataSource       : HikariPool-1 - Shutdown initiated...
2025-09-19T00:19:45.855+05:30  INFO 15256 --- [DrivingSchool] [SpringApplicationShutdownHook] com.zaxxer.hikari.HikariDataSource       : HikariPool-1 - Shutdown completed.
